Analysis & Synthesis report for PBL3
Fri Feb 16 22:49:22 2024
Quartus Prime Version 20.1.0 Build 711 06/05/2020 SJ Lite Edition


---------------------
; Table of Contents ;
---------------------
  1. Legal Notice
  2. Analysis & Synthesis Summary
  3. Analysis & Synthesis Settings
  4. Parallel Compilation
  5. Analysis & Synthesis Source Files Read
  6. Analysis & Synthesis Resource Usage Summary
  7. Analysis & Synthesis Resource Utilization by Entity
  8. General Register Statistics
  9. Inverted Register Statistics
 10. Multiplexer Restructuring Statistics (Restructuring Performed)
 11. Port Connectivity Checks: "contador_2bit_asc:cont_dig_7seg"
 12. Port Connectivity Checks: "div_clock:divisor"
 13. Analysis & Synthesis Messages



----------------
; Legal Notice ;
----------------
Copyright (C) 2020  Intel Corporation. All rights reserved.
Your use of Intel Corporation's design tools, logic functions 
and other software and tools, and any partner logic 
functions, and any output files from any of the foregoing 
(including device programming or simulation files), and any 
associated documentation or information are expressly subject 
to the terms and conditions of the Intel Program License 
Subscription Agreement, the Intel Quartus Prime License Agreement,
the Intel FPGA IP License Agreement, or other applicable license
agreement, including, without limitation, that your use is for
the sole purpose of programming logic devices manufactured by
Intel and sold by Intel or its authorized distributors.  Please
refer to the applicable agreement for further details, at
https://fpgasoftware.intel.com/eula.



+---------------------------------------------------------------------------+
; Analysis & Synthesis Summary                                              ;
+-----------------------------+---------------------------------------------+
; Analysis & Synthesis Status ; Successful - Fri Feb 16 22:49:22 2024       ;
; Quartus Prime Version       ; 20.1.0 Build 711 06/05/2020 SJ Lite Edition ;
; Revision Name               ; PBL3                                        ;
; Top-level Entity Name       ; PBL3                                        ;
; Family                      ; MAX II                                      ;
; Total logic elements        ; 82                                          ;
; Total pins                  ; 29                                          ;
; Total virtual pins          ; 0                                           ;
; UFM blocks                  ; 0 / 1 ( 0 % )                               ;
+-----------------------------+---------------------------------------------+


+------------------------------------------------------------------------------------------------------------+
; Analysis & Synthesis Settings                                                                              ;
+------------------------------------------------------------------+--------------------+--------------------+
; Option                                                           ; Setting            ; Default Value      ;
+------------------------------------------------------------------+--------------------+--------------------+
; Device                                                           ; EPM240T100C5       ;                    ;
; Top-level entity name                                            ; PBL3               ; PBL3               ;
; Family name                                                      ; MAX II             ; Cyclone V          ;
; Use smart compilation                                            ; Off                ; Off                ;
; Enable parallel Assembler and Timing Analyzer during compilation ; On                 ; On                 ;
; Enable compact report table                                      ; Off                ; Off                ;
; Restructure Multiplexers                                         ; Auto               ; Auto               ;
; Create Debugging Nodes for IP Cores                              ; Off                ; Off                ;
; Preserve fewer node names                                        ; On                 ; On                 ;
; Intel FPGA IP Evaluation Mode                                    ; Enable             ; Enable             ;
; Verilog Version                                                  ; Verilog_2001       ; Verilog_2001       ;
; VHDL Version                                                     ; VHDL_1993          ; VHDL_1993          ;
; State Machine Processing                                         ; Auto               ; Auto               ;
; Safe State Machine                                               ; Off                ; Off                ;
; Extract Verilog State Machines                                   ; On                 ; On                 ;
; Extract VHDL State Machines                                      ; On                 ; On                 ;
; Ignore Verilog initial constructs                                ; Off                ; Off                ;
; Iteration limit for constant Verilog loops                       ; 5000               ; 5000               ;
; Iteration limit for non-constant Verilog loops                   ; 250                ; 250                ;
; Add Pass-Through Logic to Inferred RAMs                          ; On                 ; On                 ;
; Infer RAMs from Raw Logic                                        ; On                 ; On                 ;
; Parallel Synthesis                                               ; On                 ; On                 ;
; NOT Gate Push-Back                                               ; On                 ; On                 ;
; Power-Up Don't Care                                              ; On                 ; On                 ;
; Remove Redundant Logic Cells                                     ; Off                ; Off                ;
; Remove Duplicate Registers                                       ; On                 ; On                 ;
; Ignore CARRY Buffers                                             ; Off                ; Off                ;
; Ignore CASCADE Buffers                                           ; Off                ; Off                ;
; Ignore GLOBAL Buffers                                            ; Off                ; Off                ;
; Ignore ROW GLOBAL Buffers                                        ; Off                ; Off                ;
; Ignore LCELL Buffers                                             ; Off                ; Off                ;
; Ignore SOFT Buffers                                              ; On                 ; On                 ;
; Limit AHDL Integers to 32 Bits                                   ; Off                ; Off                ;
; Optimization Technique                                           ; Balanced           ; Balanced           ;
; Carry Chain Length                                               ; 70                 ; 70                 ;
; Auto Carry Chains                                                ; On                 ; On                 ;
; Auto Open-Drain Pins                                             ; On                 ; On                 ;
; Perform WYSIWYG Primitive Resynthesis                            ; Off                ; Off                ;
; Auto Shift Register Replacement                                  ; Auto               ; Auto               ;
; Allow Shift Register Merging across Hierarchies                  ; Auto               ; Auto               ;
; Auto Clock Enable Replacement                                    ; On                 ; On                 ;
; Allow Synchronous Control Signals                                ; On                 ; On                 ;
; Force Use of Synchronous Clear Signals                           ; Off                ; Off                ;
; Auto Resource Sharing                                            ; Off                ; Off                ;
; Use LogicLock Constraints during Resource Balancing              ; On                 ; On                 ;
; Ignore translate_off and synthesis_off directives                ; Off                ; Off                ;
; Report Parameter Settings                                        ; On                 ; On                 ;
; Report Source Assignments                                        ; On                 ; On                 ;
; Report Connectivity Checks                                       ; On                 ; On                 ;
; Ignore Maximum Fan-Out Assignments                               ; Off                ; Off                ;
; Synchronization Register Chain Length                            ; 2                  ; 2                  ;
; Power Optimization During Synthesis                              ; Normal compilation ; Normal compilation ;
; HDL message level                                                ; Level2             ; Level2             ;
; Suppress Register Optimization Related Messages                  ; Off                ; Off                ;
; Number of Removed Registers Reported in Synthesis Report         ; 5000               ; 5000               ;
; Number of Swept Nodes Reported in Synthesis Report               ; 5000               ; 5000               ;
; Number of Inverted Registers Reported in Synthesis Report        ; 100                ; 100                ;
; Clock MUX Protection                                             ; On                 ; On                 ;
; Block Design Naming                                              ; Auto               ; Auto               ;
; Synthesis Effort                                                 ; Auto               ; Auto               ;
; Shift Register Replacement - Allow Asynchronous Clear Signal     ; On                 ; On                 ;
; Analysis & Synthesis Message Level                               ; Medium             ; Medium             ;
; Disable Register Merging Across Hierarchies                      ; Auto               ; Auto               ;
+------------------------------------------------------------------+--------------------+--------------------+


+------------------------------------------+
; Parallel Compilation                     ;
+----------------------------+-------------+
; Processors                 ; Number      ;
+----------------------------+-------------+
; Number detected on machine ; 8           ;
; Maximum allowed            ; 4           ;
;                            ;             ;
; Average used               ; 1.00        ;
; Maximum used               ; 1           ;
;                            ;             ;
; Usage by Processor         ; % Time Used ;
;     Processor 1            ; 100.0%      ;
+----------------------------+-------------+


+------------------------------------------------------------------------------------------------------------------------------------------------------------------------+
; Analysis & Synthesis Source Files Read                                                                                                                                 ;
+----------------------------------+-----------------+------------------------+--------------------------------------------------------------------------------+---------+
; File Name with User-Entered Path ; Used in Netlist ; File Type              ; File Name with Absolute Path                                                   ; Library ;
+----------------------------------+-----------------+------------------------+--------------------------------------------------------------------------------+---------+
; PBL3.v                           ; yes             ; User Verilog HDL File  ; C:/Users/peedr/OneDrive/Documentos/GitHub/PBL HAHAHA/PBL3.v                    ;         ;
; MUX_4_1.v                        ; yes             ; User Verilog HDL File  ; C:/Users/peedr/OneDrive/Documentos/GitHub/PBL HAHAHA/MUX_4_1.v                 ;         ;
; decod_2_4.v                      ; yes             ; User Verilog HDL File  ; C:/Users/peedr/OneDrive/Documentos/GitHub/PBL HAHAHA/decod_2_4.v               ;         ;
; contador_2bit_desc_lim2.v        ; yes             ; User Verilog HDL File  ; C:/Users/peedr/OneDrive/Documentos/GitHub/PBL HAHAHA/contador_2bit_desc_lim2.v ;         ;
; contador_4bit_desc_lim5.v        ; yes             ; User Verilog HDL File  ; C:/Users/peedr/OneDrive/Documentos/GitHub/PBL HAHAHA/contador_4bit_desc_lim5.v ;         ;
; contador_3bit_padrao.v           ; yes             ; User Verilog HDL File  ; C:/Users/peedr/OneDrive/Documentos/GitHub/PBL HAHAHA/contador_3bit_padrao.v    ;         ;
; decod_numeros_7seg_0a9.v         ; yes             ; User Verilog HDL File  ; C:/Users/peedr/OneDrive/Documentos/GitHub/PBL HAHAHA/decod_numeros_7seg_0a9.v  ;         ;
; decod_numeros_7seg_0a3.v         ; yes             ; User Verilog HDL File  ; C:/Users/peedr/OneDrive/Documentos/GitHub/PBL HAHAHA/decod_numeros_7seg_0a3.v  ;         ;
; contador_4bit_asc_lim9.v         ; yes             ; User Verilog HDL File  ; C:/Users/peedr/OneDrive/Documentos/GitHub/PBL HAHAHA/contador_4bit_asc_lim9.v  ;         ;
; contador_2bit_asc.v              ; yes             ; User Verilog HDL File  ; C:/Users/peedr/OneDrive/Documentos/GitHub/PBL HAHAHA/contador_2bit_asc.v       ;         ;
; div_clock.v                      ; yes             ; User Verilog HDL File  ; C:/Users/peedr/OneDrive/Documentos/GitHub/PBL HAHAHA/div_clock.v               ;         ;
+----------------------------------+-----------------+------------------------+--------------------------------------------------------------------------------+---------+


+----------------------------------------------------------------------------------------+
; Analysis & Synthesis Resource Usage Summary                                            ;
+---------------------------------------------+------------------------------------------+
; Resource                                    ; Usage                                    ;
+---------------------------------------------+------------------------------------------+
; Total logic elements                        ; 82                                       ;
;     -- Combinational with no register       ; 49                                       ;
;     -- Register only                        ; 1                                        ;
;     -- Combinational with a register        ; 32                                       ;
;                                             ;                                          ;
; Logic element usage by number of LUT inputs ;                                          ;
;     -- 4 input functions                    ; 46                                       ;
;     -- 3 input functions                    ; 5                                        ;
;     -- 2 input functions                    ; 24                                       ;
;     -- 1 input functions                    ; 6                                        ;
;     -- 0 input functions                    ; 0                                        ;
;                                             ;                                          ;
; Logic elements by mode                      ;                                          ;
;     -- normal mode                          ; 69                                       ;
;     -- arithmetic mode                      ; 13                                       ;
;     -- qfbk mode                            ; 0                                        ;
;     -- register cascade mode                ; 0                                        ;
;     -- synchronous clear/load mode          ; 0                                        ;
;     -- asynchronous clear/load mode         ; 17                                       ;
;                                             ;                                          ;
; Total registers                             ; 33                                       ;
; Total logic cells in carry chains           ; 14                                       ;
; I/O pins                                    ; 29                                       ;
; Maximum fan-out node                        ; contador_2bit_asc:cont_dig_7seg|count[1] ;
; Maximum fan-out                             ; 16                                       ;
; Total fan-out                               ; 329                                      ;
; Average fan-out                             ; 2.96                                     ;
+---------------------------------------------+------------------------------------------+


+--------------------------------------------------------------------------------------------------------------------------------------------------------------------------------------------------------------------------------------------------------------------------------------------------+
; Analysis & Synthesis Resource Utilization by Entity                                                                                                                                                                                                                                              ;
+-------------------------------------------------+-------------+--------------+------------+------+--------------+--------------+-------------------+------------------+-----------------+------------+--------------------------------------------------+-------------------------+--------------+
; Compilation Hierarchy Node                      ; Logic Cells ; LC Registers ; UFM Blocks ; Pins ; Virtual Pins ; LUT-Only LCs ; Register-Only LCs ; LUT/Register LCs ; Carry Chain LCs ; Packed LCs ; Full Hierarchy Name                              ; Entity Name             ; Library Name ;
+-------------------------------------------------+-------------+--------------+------------+------+--------------+--------------+-------------------+------------------+-----------------+------------+--------------------------------------------------+-------------------------+--------------+
; |PBL3                                           ; 82 (5)      ; 33           ; 0          ; 29   ; 0            ; 49 (5)       ; 1 (0)             ; 32 (0)           ; 14 (0)          ; 0 (0)      ; |PBL3                                            ; PBL3                    ; work         ;
;    |MUX_4_1:mux_4_1_7seg|                       ; 18 (18)     ; 0            ; 0          ; 0    ; 0            ; 18 (18)      ; 0 (0)             ; 0 (0)            ; 0 (0)           ; 0 (0)      ; |PBL3|MUX_4_1:mux_4_1_7seg                       ; MUX_4_1                 ; work         ;
;    |contador_2bit_asc:cont_dig_7seg|            ; 2 (2)       ; 2            ; 0          ; 0    ; 0            ; 0 (0)        ; 0 (0)             ; 2 (2)            ; 0 (0)           ; 0 (0)      ; |PBL3|contador_2bit_asc:cont_dig_7seg            ; contador_2bit_asc       ; work         ;
;    |contador_2bit_desc_lim2:cont_dezena_rolha|  ; 2 (2)       ; 2            ; 0          ; 0    ; 0            ; 0 (0)        ; 1 (1)             ; 1 (1)            ; 0 (0)           ; 0 (0)      ; |PBL3|contador_2bit_desc_lim2:cont_dezena_rolha  ; contador_2bit_desc_lim2 ; work         ;
;    |contador_3bit_padrao:recargas_disponiveis|  ; 3 (3)       ; 3            ; 0          ; 0    ; 0            ; 0 (0)        ; 0 (0)             ; 3 (3)            ; 0 (0)           ; 0 (0)      ; |PBL3|contador_3bit_padrao:recargas_disponiveis  ; contador_3bit_padrao    ; work         ;
;    |contador_4bit_asc_lim9:cont_dezena_gar|     ; 4 (4)       ; 4            ; 0          ; 0    ; 0            ; 0 (0)        ; 0 (0)             ; 4 (4)            ; 0 (0)           ; 0 (0)      ; |PBL3|contador_4bit_asc_lim9:cont_dezena_gar     ; contador_4bit_asc_lim9  ; work         ;
;    |contador_4bit_asc_lim9:cont_unidade_gar|    ; 4 (4)       ; 4            ; 0          ; 0    ; 0            ; 0 (0)        ; 0 (0)             ; 4 (4)            ; 0 (0)           ; 0 (0)      ; |PBL3|contador_4bit_asc_lim9:cont_unidade_gar    ; contador_4bit_asc_lim9  ; work         ;
;    |contador_4bit_desc_lim5:cont_unidade_rolha| ; 4 (4)       ; 4            ; 0          ; 0    ; 0            ; 0 (0)        ; 0 (0)             ; 4 (4)            ; 0 (0)           ; 0 (0)      ; |PBL3|contador_4bit_desc_lim5:cont_unidade_rolha ; contador_4bit_desc_lim5 ; work         ;
;    |decod_2_4:decod_dig_7seg|                   ; 4 (4)       ; 0            ; 0          ; 0    ; 0            ; 4 (4)        ; 0 (0)             ; 0 (0)            ; 0 (0)           ; 0 (0)      ; |PBL3|decod_2_4:decod_dig_7seg                   ; decod_2_4               ; work         ;
;    |decod_numeros_7seg_0a3:decod_dezena_r|      ; 3 (3)       ; 0            ; 0          ; 0    ; 0            ; 3 (3)        ; 0 (0)             ; 0 (0)            ; 0 (0)           ; 0 (0)      ; |PBL3|decod_numeros_7seg_0a3:decod_dezena_r      ; decod_numeros_7seg_0a3  ; work         ;
;    |decod_numeros_7seg_0a9:decod_dezena_gar|    ; 6 (6)       ; 0            ; 0          ; 0    ; 0            ; 6 (6)        ; 0 (0)             ; 0 (0)            ; 0 (0)           ; 0 (0)      ; |PBL3|decod_numeros_7seg_0a9:decod_dezena_gar    ; decod_numeros_7seg_0a9  ; work         ;
;    |decod_numeros_7seg_0a9:decod_unidade_gar|   ; 6 (6)       ; 0            ; 0          ; 0    ; 0            ; 6 (6)        ; 0 (0)             ; 0 (0)            ; 0 (0)           ; 0 (0)      ; |PBL3|decod_numeros_7seg_0a9:decod_unidade_gar   ; decod_numeros_7seg_0a9  ; work         ;
;    |decod_numeros_7seg_0a9:decod_unidade_r|     ; 7 (7)       ; 0            ; 0          ; 0    ; 0            ; 7 (7)        ; 0 (0)             ; 0 (0)            ; 0 (0)           ; 0 (0)      ; |PBL3|decod_numeros_7seg_0a9:decod_unidade_r     ; decod_numeros_7seg_0a9  ; work         ;
;    |div_clock:divisor|                          ; 14 (14)     ; 14           ; 0          ; 0    ; 0            ; 0 (0)        ; 0 (0)             ; 14 (14)          ; 14 (14)         ; 0 (0)      ; |PBL3|div_clock:divisor                          ; div_clock               ; work         ;
+-------------------------------------------------+-------------+--------------+------------+------+--------------+--------------+-------------------+------------------+-----------------+------------+--------------------------------------------------+-------------------------+--------------+
Note: For table entries with two numbers listed, the numbers in parentheses indicate the number of resources of the given type used by the specific entity alone. The numbers listed outside of parentheses indicate the total resources of the given type used by the specific entity and all of its sub-entities in the hierarchy.


+------------------------------------------------------+
; General Register Statistics                          ;
+----------------------------------------------+-------+
; Statistic                                    ; Value ;
+----------------------------------------------+-------+
; Total registers                              ; 33    ;
; Number of registers using Synchronous Clear  ; 0     ;
; Number of registers using Synchronous Load   ; 0     ;
; Number of registers using Asynchronous Clear ; 17    ;
; Number of registers using Asynchronous Load  ; 0     ;
; Number of registers using Clock Enable       ; 0     ;
; Number of registers using Preset             ; 0     ;
+----------------------------------------------+-------+


+---------------------------------------------------------------+
; Inverted Register Statistics                                  ;
+-----------------------------------------------------+---------+
; Inverted Register                                   ; Fan out ;
+-----------------------------------------------------+---------+
; contador_2bit_desc_lim2:cont_dezena_rolha|count[1]  ; 6       ;
; contador_4bit_desc_lim5:cont_unidade_rolha|count[2] ; 14      ;
; contador_4bit_desc_lim5:cont_unidade_rolha|count[0] ; 15      ;
; Total number of inverted registers = 3              ;         ;
+-----------------------------------------------------+---------+


+-----------------------------------------------------------------------------------------------------------------------------------------------+
; Multiplexer Restructuring Statistics (Restructuring Performed)                                                                                ;
+--------------------+-----------+---------------+----------------------+------------------------+------------+---------------------------------+
; Multiplexer Inputs ; Bus Width ; Baseline Area ; Area if Restructured ; Saving if Restructured ; Registered ; Example Multiplexer Output      ;
+--------------------+-----------+---------------+----------------------+------------------------+------------+---------------------------------+
; 4:1                ; 6 bits    ; 12 LEs        ; 12 LEs               ; 0 LEs                  ; No         ; |PBL3|MUX_4_1:mux_4_1_7seg|Mux6 ;
+--------------------+-----------+---------------+----------------------+------------------------+------------+---------------------------------+


+-------------------------------------------------------------------------------------------------------------------------------------------------------------------------------------------------------------------+
; Port Connectivity Checks: "contador_2bit_asc:cont_dig_7seg"                                                                                                                                                       ;
+-----------+-------+----------+------------------------------------------------------------------------------------------------------------------------------------------------------------------------------------+
; Port      ; Type  ; Severity ; Details                                                                                                                                                                            ;
+-----------+-------+----------+------------------------------------------------------------------------------------------------------------------------------------------------------------------------------------+
; reset     ; Input ; Warning  ; Input port expression (32 bits) is wider than the input port (1 bits) it drives.  The 31 most-significant bit(s) in the expression will be dangling if they have no other fanouts. ;
; reset[-1] ; Input ; Info     ; Stuck at GND                                                                                                                                                                       ;
+-----------+-------+----------+------------------------------------------------------------------------------------------------------------------------------------------------------------------------------------+


+-----------------------------------------------------------------------------------------------------------------------------------------------------------------------------------------------------------------------+
; Port Connectivity Checks: "div_clock:divisor"                                                                                                                                                                         ;
+--------------+--------+----------+------------------------------------------------------------------------------------------------------------------------------------------------------------------------------------+
; Port         ; Type   ; Severity ; Details                                                                                                                                                                            ;
+--------------+--------+----------+------------------------------------------------------------------------------------------------------------------------------------------------------------------------------------+
; reset        ; Input  ; Warning  ; Input port expression (32 bits) is wider than the input port (1 bits) it drives.  The 31 most-significant bit(s) in the expression will be dangling if they have no other fanouts. ;
; reset[-1]    ; Input  ; Info     ; Stuck at GND                                                                                                                                                                       ;
; count[12..0] ; Output ; Info     ; Connected to dangling logic. Logic that only feeds a dangling port will be removed.                                                                                                ;
+--------------+--------+----------+------------------------------------------------------------------------------------------------------------------------------------------------------------------------------------+


+-------------------------------+
; Analysis & Synthesis Messages ;
+-------------------------------+
Info: *******************************************************************
Info: Running Quartus Prime Analysis & Synthesis
    Info: Version 20.1.0 Build 711 06/05/2020 SJ Lite Edition
    Info: Processing started: Fri Feb 16 22:49:11 2024
Info: Command: quartus_map --read_settings_files=on --write_settings_files=off PBL3 -c PBL3
Warning (18236): Number of processors has not been specified which may cause overloading on shared machines.  Set the global assignment NUM_PARALLEL_PROCESSORS in your QSF to an appropriate value for best performance.
Info (20030): Parallel compilation is enabled and will use 4 of the 4 processors detected
Info (12021): Found 1 design units, including 1 entities, in source file pbl3.v
    Info (12023): Found entity 1: PBL3 File: C:/Users/peedr/OneDrive/Documentos/GitHub/PBL HAHAHA/PBL3.v Line: 1
Info (12021): Found 0 design units, including 0 entities, in source file d_ff.v
Info (12021): Found 1 design units, including 1 entities, in source file decod_numeros_7seg.v
    Info (12023): Found entity 1: decod_numeros_7seg File: C:/Users/peedr/OneDrive/Documentos/GitHub/PBL HAHAHA/decod_numeros_7seg.v Line: 1
Info (12021): Found 1 design units, including 1 entities, in source file mux_4_1.v
    Info (12023): Found entity 1: MUX_4_1 File: C:/Users/peedr/OneDrive/Documentos/GitHub/PBL HAHAHA/MUX_4_1.v Line: 1
Info (12021): Found 1 design units, including 1 entities, in source file contador_sin_2bit.v
    Info (12023): Found entity 1: contador_sin_2bit File: C:/Users/peedr/OneDrive/Documentos/GitHub/PBL HAHAHA/contador_sin_2bit.v Line: 1
Info (12021): Found 1 design units, including 1 entities, in source file decod_2_4.v
    Info (12023): Found entity 1: decod_2_4 File: C:/Users/peedr/OneDrive/Documentos/GitHub/PBL HAHAHA/decod_2_4.v Line: 1
Info (12021): Found 0 design units, including 0 entities, in source file modulo_display.v
Info (12021): Found 1 design units, including 1 entities, in source file contador_2bit_desc_lim2.v
    Info (12023): Found entity 1: contador_2bit_desc_lim2 File: C:/Users/peedr/OneDrive/Documentos/GitHub/PBL HAHAHA/contador_2bit_desc_lim2.v Line: 1
Info (12021): Found 1 design units, including 1 entities, in source file contador_4bit_desc_lim5.v
    Info (12023): Found entity 1: contador_4bit_desc_lim5 File: C:/Users/peedr/OneDrive/Documentos/GitHub/PBL HAHAHA/contador_4bit_desc_lim5.v Line: 1
Info (12021): Found 1 design units, including 1 entities, in source file contador_3bit_padrao.v
    Info (12023): Found entity 1: contador_3bit_padrao File: C:/Users/peedr/OneDrive/Documentos/GitHub/PBL HAHAHA/contador_3bit_padrao.v Line: 1
Info (12021): Found 1 design units, including 1 entities, in source file decod_numeros_7seg_0a9.v
    Info (12023): Found entity 1: decod_numeros_7seg_0a9 File: C:/Users/peedr/OneDrive/Documentos/GitHub/PBL HAHAHA/decod_numeros_7seg_0a9.v Line: 1
Info (12021): Found 1 design units, including 1 entities, in source file decod_numeros_7seg_0a3.v
    Info (12023): Found entity 1: decod_numeros_7seg_0a3 File: C:/Users/peedr/OneDrive/Documentos/GitHub/PBL HAHAHA/decod_numeros_7seg_0a3.v Line: 1
Info (12021): Found 1 design units, including 1 entities, in source file contador_4bit_asc_lim9.v
    Info (12023): Found entity 1: contador_4bit_asc_lim9 File: C:/Users/peedr/OneDrive/Documentos/GitHub/PBL HAHAHA/contador_4bit_asc_lim9.v Line: 1
Info (12021): Found 1 design units, including 1 entities, in source file contador_2bit_asc.v
    Info (12023): Found entity 1: contador_2bit_asc File: C:/Users/peedr/OneDrive/Documentos/GitHub/PBL HAHAHA/contador_2bit_asc.v Line: 1
Info (12021): Found 1 design units, including 1 entities, in source file div_clock.v
    Info (12023): Found entity 1: div_clock File: C:/Users/peedr/OneDrive/Documentos/GitHub/PBL HAHAHA/div_clock.v Line: 1
Warning (10236): Verilog HDL Implicit Net warning at PBL3.v(27): created implicit net for "recarga_auto" File: C:/Users/peedr/OneDrive/Documentos/GitHub/PBL HAHAHA/PBL3.v Line: 27
Warning (10236): Verilog HDL Implicit Net warning at PBL3.v(30): created implicit net for "pode_recaregar" File: C:/Users/peedr/OneDrive/Documentos/GitHub/PBL HAHAHA/PBL3.v Line: 30
Warning (10236): Verilog HDL Implicit Net warning at PBL3.v(31): created implicit net for "r_zerada" File: C:/Users/peedr/OneDrive/Documentos/GitHub/PBL HAHAHA/PBL3.v Line: 31
Warning (10236): Verilog HDL Implicit Net warning at PBL3.v(32): created implicit net for "pode_diminuir" File: C:/Users/peedr/OneDrive/Documentos/GitHub/PBL HAHAHA/PBL3.v Line: 32
Warning (10236): Verilog HDL Implicit Net warning at PBL3.v(39): created implicit net for "unidade_completa_r" File: C:/Users/peedr/OneDrive/Documentos/GitHub/PBL HAHAHA/PBL3.v Line: 39
Warning (10236): Verilog HDL Implicit Net warning at PBL3.v(40): created implicit net for "minimo_rolhas" File: C:/Users/peedr/OneDrive/Documentos/GitHub/PBL HAHAHA/PBL3.v Line: 40
Warning (10236): Verilog HDL Implicit Net warning at PBL3.v(61): created implicit net for "unidade_completa_g" File: C:/Users/peedr/OneDrive/Documentos/GitHub/PBL HAHAHA/PBL3.v Line: 61
Info (12127): Elaborating entity "PBL3" for the top level hierarchy
Info (12128): Elaborating entity "div_clock" for hierarchy "div_clock:divisor" File: C:/Users/peedr/OneDrive/Documentos/GitHub/PBL HAHAHA/PBL3.v Line: 24
Warning (10230): Verilog HDL assignment warning at div_clock.v(24): truncated value with size 32 to match size of target (14) File: C:/Users/peedr/OneDrive/Documentos/GitHub/PBL HAHAHA/div_clock.v Line: 24
Info (12128): Elaborating entity "contador_3bit_padrao" for hierarchy "contador_3bit_padrao:recargas_disponiveis" File: C:/Users/peedr/OneDrive/Documentos/GitHub/PBL HAHAHA/PBL3.v Line: 27
Warning (10230): Verilog HDL assignment warning at contador_3bit_padrao.v(13): truncated value with size 32 to match size of target (3) File: C:/Users/peedr/OneDrive/Documentos/GitHub/PBL HAHAHA/contador_3bit_padrao.v Line: 13
Info (12128): Elaborating entity "contador_4bit_desc_lim5" for hierarchy "contador_4bit_desc_lim5:cont_unidade_rolha" File: C:/Users/peedr/OneDrive/Documentos/GitHub/PBL HAHAHA/PBL3.v Line: 35
Warning (10230): Verilog HDL assignment warning at contador_4bit_desc_lim5.v(24): truncated value with size 32 to match size of target (4) File: C:/Users/peedr/OneDrive/Documentos/GitHub/PBL HAHAHA/contador_4bit_desc_lim5.v Line: 24
Info (12128): Elaborating entity "contador_2bit_desc_lim2" for hierarchy "contador_2bit_desc_lim2:cont_dezena_rolha" File: C:/Users/peedr/OneDrive/Documentos/GitHub/PBL HAHAHA/PBL3.v Line: 45
Warning (10230): Verilog HDL assignment warning at contador_2bit_desc_lim2.v(24): truncated value with size 32 to match size of target (2) File: C:/Users/peedr/OneDrive/Documentos/GitHub/PBL HAHAHA/contador_2bit_desc_lim2.v Line: 24
Info (12128): Elaborating entity "decod_numeros_7seg_0a9" for hierarchy "decod_numeros_7seg_0a9:decod_unidade_r" File: C:/Users/peedr/OneDrive/Documentos/GitHub/PBL HAHAHA/PBL3.v Line: 50
Info (12128): Elaborating entity "decod_numeros_7seg_0a3" for hierarchy "decod_numeros_7seg_0a3:decod_dezena_r" File: C:/Users/peedr/OneDrive/Documentos/GitHub/PBL HAHAHA/PBL3.v Line: 54
Warning (10034): Output port "sB" at decod_numeros_7seg_0a3.v(3) has no driver File: C:/Users/peedr/OneDrive/Documentos/GitHub/PBL HAHAHA/decod_numeros_7seg_0a3.v Line: 3
Info (12128): Elaborating entity "contador_4bit_asc_lim9" for hierarchy "contador_4bit_asc_lim9:cont_unidade_gar" File: C:/Users/peedr/OneDrive/Documentos/GitHub/PBL HAHAHA/PBL3.v Line: 58
Warning (10230): Verilog HDL assignment warning at contador_4bit_asc_lim9.v(24): truncated value with size 32 to match size of target (4) File: C:/Users/peedr/OneDrive/Documentos/GitHub/PBL HAHAHA/contador_4bit_asc_lim9.v Line: 24
Info (12128): Elaborating entity "contador_2bit_asc" for hierarchy "contador_2bit_asc:cont_dig_7seg" File: C:/Users/peedr/OneDrive/Documentos/GitHub/PBL HAHAHA/PBL3.v Line: 73
Warning (10230): Verilog HDL assignment warning at contador_2bit_asc.v(24): truncated value with size 32 to match size of target (2) File: C:/Users/peedr/OneDrive/Documentos/GitHub/PBL HAHAHA/contador_2bit_asc.v Line: 24
Info (12128): Elaborating entity "decod_2_4" for hierarchy "decod_2_4:decod_dig_7seg" File: C:/Users/peedr/OneDrive/Documentos/GitHub/PBL HAHAHA/PBL3.v Line: 77
Info (12128): Elaborating entity "MUX_4_1" for hierarchy "MUX_4_1:mux_4_1_7seg" File: C:/Users/peedr/OneDrive/Documentos/GitHub/PBL HAHAHA/PBL3.v Line: 84
Warning (12241): 2 hierarchies have connectivity warnings - see the Connectivity Checks report folder
Info (18000): Registers with preset signals will power-up high File: C:/Users/peedr/OneDrive/Documentos/GitHub/PBL HAHAHA/contador_2bit_desc_lim2.v Line: 15
Info (21057): Implemented 111 device resources after synthesis - the final resource count might be different
    Info (21058): Implemented 4 input pins
    Info (21059): Implemented 25 output pins
    Info (21061): Implemented 82 logic cells
Info: Quartus Prime Analysis & Synthesis was successful. 0 errors, 16 warnings
    Info: Peak virtual memory: 4700 megabytes
    Info: Processing ended: Fri Feb 16 22:49:23 2024
    Info: Elapsed time: 00:00:12
    Info: Total CPU time (on all processors): 00:00:29


